# JRE version: Java(TM) SE Runtime Environment (8.0_121-b13) (build 1.8.0_121-b13)
# Java VM: Java HotSpot(TM) 64-Bit Server VM (25.121-b13 mixed mode windows-amd64 compressed oops)
Heap:
 PSYoungGen      total 57344K, used 0K [0x00000000d5580000, 0x00000000d9680000, 0x0000000100000000)
  eden space 49152K, 0% used [0x00000000d5580000,0x00000000d5580000,0x00000000d8580000)
  from space 8192K, 0% used [0x00000000d8580000,0x00000000d8580000,0x00000000d8d80000)
  to   space 8192K, 0% used [0x00000000d8d80000,0x00000000d8d80000,0x00000000d9580000)
 ParOldGen       total 51200K, used 20713K [0x0000000080000000, 0x0000000083200000, 0x00000000d5580000)
  object space 51200K, 40% used [0x0000000080000000,0x000000008143a528,0x0000000083200000)
 Metaspace       used 34691K, capacity 36314K, committed 36392K, reserved 1093632K
  class space    used 4802K, capacity 5140K, committed 5160K, reserved 1048576K
GC Heap History (10 events):
Event: 5.724 GC heap after
Heap after GC invocations=15 (full 2):
 PSYoungGen      total 57344K, used 963K [0x00000000d5580000, 0x00000000d9680000, 0x0000000100000000)
  eden space 49152K, 0% used [0x00000000d5580000,0x00000000d5580000,0x00000000d8580000)
  from space 8192K, 11% used [0x00000000d8580000,0x00000000d8670dd0,0x00000000d8d80000)
  to   space 8192K, 0% used [0x00000000d8d80000,0x00000000d8d80000,0x00000000d9580000)
 ParOldGen       total 51200K, used 20387K [0x0000000080000000, 0x0000000083200000, 0x00000000d5580000)
  object space 51200K, 39% used [0x0000000080000000,0x00000000813e8f38,0x0000000083200000)
 Metaspace       used 34448K, capacity 36026K, committed 36136K, reserved 1089536K
  class space    used 4764K, capacity 5108K, committed 5160K, reserved 1048576K
}
Event: 5.724 GC heap before
{Heap before GC invocations=16 (full 3):
 PSYoungGen      total 57344K, used 963K [0x00000000d5580000, 0x00000000d9680000, 0x0000000100000000)
  eden space 49152K, 0% used [0x00000000d5580000,0x00000000d5580000,0x00000000d8580000)
  from space 8192K, 11% used [0x00000000d8580000,0x00000000d8670dd0,0x00000000d8d80000)
  to   space 8192K, 0% used [0x00000000d8d80000,0x00000000d8d80000,0x00000000d9580000)
 ParOldGen       total 51200K, used 20387K [0x0000000080000000, 0x0000000083200000, 0x00000000d5580000)
  object space 51200K, 39% used [0x0000000080000000,0x00000000813e8f38,0x0000000083200000)
 Metaspace       used 34448K, capacity 36026K, committed 36136K, reserved 1089536K
  class space    used 4764K, capacity 5108K, committed 5160K, reserved 1048576K
Event: 5.885 GC heap after
Heap after GC invocations=16 (full 3):
 PSYoungGen      total 57344K, used 0K [0x00000000d5580000, 0x00000000d9680000, 0x0000000100000000)
  eden space 49152K, 0% used [0x00000000d5580000,0x00000000d5580000,0x00000000d8580000)
  from space 8192K, 0% used [0x00000000d8580000,0x00000000d8580000,0x00000000d8d80000)
  to   space 8192K, 0% used [0x00000000d8d80000,0x00000000d8d80000,0x00000000d9580000)
 ParOldGen       total 51200K, used 20700K [0x0000000080000000, 0x0000000083200000, 0x00000000d5580000)
  object space 51200K, 40% used [0x0000000080000000,0x0000000081437060,0x0000000083200000)
 Metaspace       used 34448K, capacity 36026K, committed 36136K, reserved 1087488K
  class space    used 4764K, capacity 5108K, committed 5160K, reserved 1048576K
}
Event: 5.979 GC heap before
{Heap before GC invocations=17 (full 3):
 PSYoungGen      total 57344K, used 7980K [0x00000000d5580000, 0x00000000d9680000, 0x0000000100000000)
  eden space 49152K, 16% used [0x00000000d5580000,0x00000000d5d4b3f8,0x00000000d8580000)
  from space 8192K, 0% used [0x00000000d8580000,0x00000000d8580000,0x00000000d8d80000)
  to   space 8192K, 0% used [0x00000000d8d80000,0x00000000d8d80000,0x00000000d9580000)
 ParOldGen       total 51200K, used 20700K [0x0000000080000000, 0x0000000083200000, 0x00000000d5580000)
  object space 51200K, 40% used [0x0000000080000000,0x0000000081437060,0x0000000083200000)
 Metaspace       used 34691K, capacity 36314K, committed 36392K, reserved 1091584K
  class space    used 4802K, capacity 5140K, committed 5160K, reserved 1048576K
Event: 5.984 GC heap after
Heap after GC invocations=17 (full 3):
 PSYoungGen      total 57344K, used 611K [0x00000000d5580000, 0x00000000d9680000, 0x0000000100000000)
  eden space 49152K, 0% used [0x00000000d5580000,0x00000000d5580000,0x00000000d8580000)
  from space 8192K, 7% used [0x00000000d8d80000,0x00000000d8e18e68,0x00000000d9580000)
  to   space 8192K, 0% used [0x00000000d8580000,0x00000000d8580000,0x00000000d8d80000)
 ParOldGen       total 51200K, used 20708K [0x0000000080000000, 0x0000000083200000, 0x00000000d5580000)
  object space 51200K, 40% used [0x0000000080000000,0x0000000081439060,0x0000000083200000)
 Metaspace       used 34691K, capacity 36314K, committed 36392K, reserved 1091584K
  class space    used 4802K, capacity 5140K, committed 5160K, reserved 1048576K
}
Event: 5.984 GC heap before
{Heap before GC invocations=18 (full 4):
 PSYoungGen      total 57344K, used 611K [0x00000000d5580000, 0x00000000d9680000, 0x0000000100000000)
  eden space 49152K, 0% used [0x00000000d5580000,0x00000000d5580000,0x00000000d8580000)
  from space 8192K, 7% used [0x00000000d8d80000,0x00000000d8e18e68,0x00000000d9580000)
  to   space 8192K, 0% used [0x00000000d8580000,0x00000000d8580000,0x00000000d8d80000)
 ParOldGen       total 51200K, used 20708K [0x0000000080000000, 0x0000000083200000, 0x00000000d5580000)
  object space 51200K, 40% used [0x0000000080000000,0x0000000081439060,0x0000000083200000)
 Metaspace       used 34691K, capacity 36314K, committed 36392K, reserved 1091584K
  class space    used 4802K, capacity 5140K, committed 5160K, reserved 1048576K
Event: 6.040 GC heap after
Heap after GC invocations=18 (full 4):
 PSYoungGen      total 57344K, used 0K [0x00000000d5580000, 0x00000000d9680000, 0x0000000100000000)
  eden space 49152K, 0% used [0x00000000d5580000,0x00000000d5580000,0x00000000d8580000)
  from space 8192K, 0% used [0x00000000d8d80000,0x00000000d8d80000,0x00000000d9580000)
  to   space 8192K, 0% used [0x00000000d8580000,0x00000000d8580000,0x00000000d8d80000)
 ParOldGen       total 51200K, used 20713K [0x0000000080000000, 0x0000000083200000, 0x00000000d5580000)
  object space 51200K, 40% used [0x0000000080000000,0x000000008143a528,0x0000000083200000)
 Metaspace       used 34691K, capacity 36314K, committed 36392K, reserved 1089536K
  class space    used 4802K, capacity 5140K, committed 5160K, reserved 1048576K
}
Event: 6.040 GC heap before
{Heap before GC invocations=19 (full 4):
 PSYoungGen      total 57344K, used 0K [0x00000000d5580000, 0x00000000d9680000, 0x0000000100000000)
  eden space 49152K, 0% used [0x00000000d5580000,0x00000000d5580000,0x00000000d8580000)
  from space 8192K, 0% used [0x00000000d8d80000,0x00000000d8d80000,0x00000000d9580000)
  to   space 8192K, 0% used [0x00000000d8580000,0x00000000d8580000,0x00000000d8d80000)
 ParOldGen       total 51200K, used 20713K [0x0000000080000000, 0x0000000083200000, 0x00000000d5580000)
  object space 51200K, 40% used [0x0000000080000000,0x000000008143a528,0x0000000083200000)
 Metaspace       used 34691K, capacity 36314K, committed 36392K, reserved 1093632K
  class space    used 4802K, capacity 5140K, committed 5160K, reserved 1048576K
Event: 6.044 GC heap after
Heap after GC invocations=19 (full 4):
 PSYoungGen      total 57344K, used 0K [0x00000000d5580000, 0x00000000d9680000, 0x0000000100000000)
  eden space 49152K, 0% used [0x00000000d5580000,0x00000000d5580000,0x00000000d8580000)
  from space 8192K, 0% used [0x00000000d8580000,0x00000000d8580000,0x00000000d8d80000)
  to   space 8192K, 0% used [0x00000000d8d80000,0x00000000d8d80000,0x00000000d9580000)
 ParOldGen       total 51200K, used 20713K [0x0000000080000000, 0x0000000083200000, 0x00000000d5580000)
  object space 51200K, 40% used [0x0000000080000000,0x000000008143a528,0x0000000083200000)
 Metaspace       used 34691K, capacity 36314K, committed 36392K, reserved 1093632K
  class space    used 4802K, capacity 5140K, committed 5160K, reserved 1048576K
}
Event: 6.044 GC heap before
{Heap before GC invocations=20 (full 5):
 PSYoungGen      total 57344K, used 0K [0x00000000d5580000, 0x00000000d9680000, 0x0000000100000000)
  eden space 49152K, 0% used [0x00000000d5580000,0x00000000d5580000,0x00000000d8580000)
  from space 8192K, 0% used [0x00000000d8580000,0x00000000d8580000,0x00000000d8d80000)
  to   space 8192K, 0% used [0x00000000d8d80000,0x00000000d8d80000,0x00000000d9580000)
 ParOldGen       total 51200K, used 20713K [0x0000000080000000, 0x0000000083200000, 0x00000000d5580000)
  object space 51200K, 40% used [0x0000000080000000,0x000000008143a528,0x0000000083200000)
 Metaspace       used 34691K, capacity 36314K, committed 36392K, reserved 1093632K
  class space    used 4802K, capacity 5140K, committed 5160K, reserved 1048576K

